<?xml version="1.0" encoding="UTF-8"?>
<!-- Generated by org.testng.reporters.JUnitReportReporter -->
<testsuite skipped="0" hostname="vmt10284" name="com.valuemomentum.assesment2.test.SmokeTest" tests="1" failures="0" timestamp="2021-03-23T15:13:38 IST" time="19.570" errors="0">
  <testcase name="assessment2" time="19.570" classname="com.valuemomentum.assesment2.test.SmokeTest"/>
  <system-out/>
</testsuite> <!-- com.valuemomentum.assesment2.test.SmokeTest -->
